<?xml version="1.0" encoding="UTF-8"?>
<coverage generated="1763274433962" clover="3.2.0">
  <project timestamp="1763274433963" name="All files">
    <metrics statements="91" coveredstatements="65" conditionals="72" coveredconditionals="30" methods="22" coveredmethods="19" elements="185" coveredelements="114" complexity="0" loc="91" ncloc="91" packages="1" files="1" classes="1"/>
    <file name="StarRating.tsx" path="C:\Users\anand\OneDrive\Desktop\Projects\star-rating\src\components\StarRating.tsx">
      <metrics statements="91" coveredstatements="65" conditionals="72" coveredconditionals="30" methods="22" coveredmethods="19"/>
      <line num="2" count="1" type="stmt"/>
      <line num="33" count="1" type="stmt"/>
      <line num="34" count="11" type="cond" truecount="3" falsecount="0"/>
      <line num="35" count="1" type="cond" truecount="1" falsecount="0"/>
      <line num="36" count="0" type="stmt"/>
      <line num="37" count="0" type="cond" truecount="0" falsecount="1"/>
      <line num="39" count="0" type="stmt"/>
      <line num="43" count="1" type="cond" truecount="1" falsecount="0"/>
      <line num="44" count="5" type="cond" truecount="3" falsecount="0"/>
      <line num="45" count="1" type="stmt"/>
      <line num="46" count="1" type="cond" truecount="0" falsecount="2"/>
      <line num="47" count="1" type="stmt"/>
      <line num="50" count="1" type="stmt"/>
      <line num="61" count="11" type="stmt"/>
      <line num="63" count="11" type="cond" truecount="2" falsecount="1"/>
      <line num="64" count="0" type="stmt"/>
      <line num="67" count="11" type="stmt"/>
      <line num="69" count="11" type="stmt"/>
      <line num="70" count="11" type="cond" truecount="1" falsecount="1"/>
      <line num="71" count="11" type="cond" truecount="1" falsecount="3"/>
      <line num="73" count="11" type="stmt"/>
      <line num="74" count="11" type="stmt"/>
      <line num="81" count="11" type="stmt"/>
      <line num="82" count="11" type="stmt"/>
      <line num="83" count="11" type="stmt"/>
      <line num="85" count="11" type="stmt"/>
      <line num="86" count="7" type="stmt"/>
      <line num="87" count="7" type="cond" truecount="0" falsecount="1"/>
      <line num="90" count="7" type="cond" truecount="1" falsecount="0"/>
      <line num="91" count="1" type="stmt"/>
      <line num="92" count="1" type="stmt"/>
      <line num="96" count="6" type="stmt"/>
      <line num="97" count="6" type="cond" truecount="0" falsecount="1"/>
      <line num="98" count="0" type="stmt"/>
      <line num="99" count="0" type="stmt"/>
      <line num="103" count="6" type="cond" truecount="2" falsecount="0"/>
      <line num="104" count="6" type="cond" truecount="4" falsecount="0"/>
      <line num="106" count="2" type="stmt"/>
      <line num="107" count="2" type="stmt"/>
      <line num="111" count="4" type="stmt"/>
      <line num="115" count="11" type="stmt"/>
      <line num="116" count="5" type="stmt"/>
      <line num="118" count="5" type="stmt"/>
      <line num="119" count="5" type="stmt"/>
      <line num="124" count="11" type="stmt"/>
      <line num="125" count="5" type="stmt"/>
      <line num="126" count="5" type="stmt"/>
      <line num="127" count="5" type="stmt"/>
      <line num="130" count="11" type="stmt"/>
      <line num="131" count="5" type="cond" truecount="1" falsecount="2"/>
      <line num="132" count="0" type="cond" truecount="0" falsecount="3"/>
      <line num="133" count="0" type="stmt"/>
      <line num="138" count="11" type="stmt"/>
      <line num="139" count="1" type="cond" truecount="0" falsecount="1"/>
      <line num="140" count="1" type="cond" truecount="1" falsecount="0"/>
      <line num="141" count="1" type="stmt"/>
      <line num="144" count="11" type="stmt"/>
      <line num="145" count="0" type="cond" truecount="0" falsecount="1"/>
      <line num="146" count="0" type="stmt"/>
      <line num="147" count="0" type="cond" truecount="0" falsecount="4"/>
      <line num="148" count="0" type="stmt"/>
      <line num="149" count="0" type="cond" truecount="0" falsecount="4"/>
      <line num="150" count="0" type="cond" truecount="0" falsecount="4"/>
      <line num="151" count="0" type="stmt"/>
      <line num="152" count="0" type="cond" truecount="0" falsecount="2"/>
      <line num="153" count="0" type="cond" truecount="0" falsecount="2"/>
      <line num="154" count="0" type="stmt"/>
      <line num="155" count="0" type="stmt"/>
      <line num="156" count="0" type="cond" truecount="0" falsecount="2"/>
      <line num="157" count="0" type="stmt"/>
      <line num="158" count="0" type="stmt"/>
      <line num="159" count="0" type="cond" truecount="0" falsecount="3"/>
      <line num="160" count="0" type="stmt"/>
      <line num="164" count="11" type="stmt"/>
      <line num="165" count="51" type="cond" truecount="1" falsecount="0"/>
      <line num="166" count="25" type="cond" truecount="2" falsecount="0"/>
      <line num="168" count="26" type="cond" truecount="0" falsecount="1"/>
      <line num="169" count="0" type="cond" truecount="0" falsecount="2"/>
      <line num="171" count="26" type="stmt"/>
      <line num="174" count="11" type="stmt"/>
      <line num="186" count="51" type="stmt"/>
      <line num="187" count="51" type="stmt"/>
      <line num="188" count="51" type="stmt"/>
      <line num="189" count="51" type="stmt"/>
      <line num="197" count="2" type="stmt"/>
      <line num="198" count="2" type="stmt"/>
      <line num="199" count="1" type="stmt"/>
      <line num="200" count="1" type="stmt"/>
      <line num="201" count="0" type="stmt"/>
      <line num="202" count="1" type="stmt"/>
      <line num="226" count="1" type="stmt"/>
    </file>
  </project>
</coverage>
