{"C:\\Users\\anand\\OneDrive\\Desktop\\Projects\\star-rating\\src\\components\\StarRating.tsx": {"path":"C:\\Users\\anand\\OneDrive\\Desktop\\Projects\\star-rating\\src\\components\\StarRating.tsx","statementMap":{"0":{"start":{"line":2,"column":0},"end":{"line":2,"column":62}},"1":{"start":{"line":18,"column":20},"end":{"line":18,"column":33}},"2":{"start":{"line":19,"column":23},"end":{"line":19,"column":78}},"3":{"start":{"line":22,"column":2},"end":{"line":22,"column":37}},"4":{"start":{"line":25,"column":58},"end":{"line":39,"column":null}},"5":{"start":{"line":26,"column":2},"end":{"line":38,"column":null}},"6":{"start":{"line":42,"column":53},"end":{"line":157,"column":1}},"7":{"start":{"line":54,"column":42},"end":{"line":55,"column":null}},"8":{"start":{"line":57,"column":38},"end":{"line":57,"column":49}},"9":{"start":{"line":58,"column":23},"end":{"line":58,"column":42}},"10":{"start":{"line":59,"column":19},"end":{"line":62,"column":null}},"11":{"start":{"line":65,"column":30},"end":{"line":75,"column":26}},"12":{"start":{"line":66,"column":4},"end":{"line":67,"column":41}},"13":{"start":{"line":67,"column":6},"end":{"line":67,"column":41}},"14":{"start":{"line":68,"column":4},"end":{"line":74,"column":6}},"15":{"start":{"line":71,"column":8},"end":{"line":73,"column":54}},"16":{"start":{"line":77,"column":27},"end":{"line":83,"column":null}},"17":{"start":{"line":79,"column":6},"end":{"line":79,"column":37}},"18":{"start":{"line":79,"column":18},"end":{"line":79,"column":37}},"19":{"start":{"line":80,"column":18},"end":{"line":80,"column":61}},"20":{"start":{"line":81,"column":6},"end":{"line":81,"column":59}},"21":{"start":{"line":86,"column":18},"end":{"line":94,"column":null}},"22":{"start":{"line":88,"column":6},"end":{"line":91,"column":24}},"23":{"start":{"line":89,"column":8},"end":{"line":91,"column":24}},"24":{"start":{"line":92,"column":6},"end":{"line":92,"column":70}},"25":{"start":{"line":97,"column":23},"end":{"line":103,"column":null}},"26":{"start":{"line":99,"column":6},"end":{"line":99,"column":27}},"27":{"start":{"line":99,"column":20},"end":{"line":99,"column":27}},"28":{"start":{"line":100,"column":6},"end":{"line":100,"column":44}},"29":{"start":{"line":100,"column":25},"end":{"line":100,"column":44}},"30":{"start":{"line":101,"column":6},"end":{"line":101,"column":20}},"31":{"start":{"line":108,"column":4},"end":{"line":112,"column":17}},"32":{"start":{"line":114,"column":2},"end":{"line":156,"column":4}},"33":{"start":{"line":124,"column":26},"end":{"line":124,"column":42}},"34":{"start":{"line":129,"column":18},"end":{"line":129,"column":25}},"35":{"start":{"line":130,"column":21},"end":{"line":130,"column":31}},"36":{"start":{"line":131,"column":8},"end":{"line":153,"column":10}},"37":{"start":{"line":137,"column":32},"end":{"line":137,"column":48}},"38":{"start":{"line":138,"column":31},"end":{"line":138,"column":47}},"39":{"start":{"line":139,"column":27},"end":{"line":139,"column":42}},"40":{"start":{"line":140,"column":27},"end":{"line":140,"column":43}},"41":{"start":{"line":141,"column":26},"end":{"line":141,"column":42}},"42":{"start":{"line":42,"column":13},"end":{"line":42,"column":53}},"43":{"start":{"line":159,"column":0},"end":{"line":159,"column":26}}},"fnMap":{"0":{"name":"clamp","decl":{"start":{"line":21,"column":9},"end":{"line":21,"column":14}},"loc":{"start":{"line":21,"column":46},"end":{"line":23,"column":1}}},"1":{"name":"(anonymous_1)","decl":{"start":{"line":25,"column":58},"end":{"line":25,"column":59}},"loc":{"start":{"line":26,"column":2},"end":{"line":38,"column":null}}},"2":{"name":"(anonymous_2)","decl":{"start":{"line":42,"column":53},"end":{"line":42,"column":54}},"loc":{"start":{"line":53,"column":5},"end":{"line":157,"column":1}}},"3":{"name":"(anonymous_3)","decl":{"start":{"line":65,"column":38},"end":{"line":65,"column":41}},"loc":{"start":{"line":65,"column":43},"end":{"line":75,"column":3}}},"4":{"name":"(anonymous_4)","decl":{"start":{"line":70,"column":6},"end":{"line":70,"column":7}},"loc":{"start":{"line":71,"column":8},"end":{"line":73,"column":54}}},"5":{"name":"(anonymous_5)","decl":{"start":{"line":78,"column":4},"end":{"line":78,"column":5}},"loc":{"start":{"line":78,"column":18},"end":{"line":82,"column":5}}},"6":{"name":"(anonymous_6)","decl":{"start":{"line":87,"column":4},"end":{"line":87,"column":5}},"loc":{"start":{"line":87,"column":18},"end":{"line":93,"column":5}}},"7":{"name":"(anonymous_7)","decl":{"start":{"line":98,"column":4},"end":{"line":98,"column":5}},"loc":{"start":{"line":98,"column":18},"end":{"line":102,"column":5}}},"8":{"name":"(anonymous_8)","decl":{"start":{"line":124,"column":20},"end":{"line":124,"column":23}},"loc":{"start":{"line":124,"column":26},"end":{"line":124,"column":42}}},"9":{"name":"(anonymous_9)","decl":{"start":{"line":128,"column":37},"end":{"line":128,"column":38}},"loc":{"start":{"line":128,"column":48},"end":{"line":154,"column":7}}},"10":{"name":"(anonymous_10)","decl":{"start":{"line":137,"column":26},"end":{"line":137,"column":29}},"loc":{"start":{"line":137,"column":32},"end":{"line":137,"column":48}}},"11":{"name":"(anonymous_11)","decl":{"start":{"line":138,"column":25},"end":{"line":138,"column":28}},"loc":{"start":{"line":138,"column":31},"end":{"line":138,"column":47}}},"12":{"name":"(anonymous_12)","decl":{"start":{"line":139,"column":21},"end":{"line":139,"column":24}},"loc":{"start":{"line":139,"column":27},"end":{"line":139,"column":42}}},"13":{"name":"(anonymous_13)","decl":{"start":{"line":140,"column":21},"end":{"line":140,"column":24}},"loc":{"start":{"line":140,"column":27},"end":{"line":140,"column":43}}},"14":{"name":"(anonymous_14)","decl":{"start":{"line":141,"column":20},"end":{"line":141,"column":23}},"loc":{"start":{"line":141,"column":26},"end":{"line":141,"column":42}}}},"branchMap":{"0":{"loc":{"start":{"line":36,"column":14},"end":{"line":36,"column":55}},"type":"cond-expr","locations":[{"start":{"line":36,"column":37},"end":{"line":36,"column":46}},{"start":{"line":36,"column":49},"end":{"line":36,"column":55}}]},"1":{"loc":{"start":{"line":43,"column":2},"end":{"line":43,"column":11}},"type":"default-arg","locations":[{"start":{"line":43,"column":10},"end":{"line":43,"column":11}}]},"2":{"loc":{"start":{"line":45,"column":2},"end":{"line":45,"column":18}},"type":"default-arg","locations":[{"start":{"line":45,"column":17},"end":{"line":45,"column":18}}]},"3":{"loc":{"start":{"line":47,"column":2},"end":{"line":47,"column":11}},"type":"default-arg","locations":[{"start":{"line":47,"column":9},"end":{"line":47,"column":11}}]},"4":{"loc":{"start":{"line":48,"column":2},"end":{"line":48,"column":18}},"type":"default-arg","locations":[{"start":{"line":48,"column":13},"end":{"line":48,"column":18}}]},"5":{"loc":{"start":{"line":60,"column":4},"end":{"line":60,"column":51}},"type":"cond-expr","locations":[{"start":{"line":60,"column":20},"end":{"line":60,"column":36}},{"start":{"line":60,"column":39},"end":{"line":60,"column":51}}]},"6":{"loc":{"start":{"line":66,"column":4},"end":{"line":67,"column":41}},"type":"if","locations":[{"start":{"line":66,"column":4},"end":{"line":67,"column":41}}]},"7":{"loc":{"start":{"line":66,"column":8},"end":{"line":66,"column":50}},"type":"binary-expr","locations":[{"start":{"line":66,"column":8},"end":{"line":66,"column":19}},{"start":{"line":66,"column":23},"end":{"line":66,"column":50}}]},"8":{"loc":{"start":{"line":71,"column":8},"end":{"line":73,"column":54}},"type":"binary-expr","locations":[{"start":{"line":71,"column":8},"end":{"line":72,"column":null}},{"start":{"line":73,"column":13},"end":{"line":73,"column":54}}]},"9":{"loc":{"start":{"line":79,"column":6},"end":{"line":79,"column":37}},"type":"if","locations":[{"start":{"line":79,"column":6},"end":{"line":79,"column":37}}]},"10":{"loc":{"start":{"line":81,"column":13},"end":{"line":81,"column":58}},"type":"cond-expr","locations":[{"start":{"line":81,"column":37},"end":{"line":81,"column":41}},{"start":{"line":81,"column":41},"end":{"line":81,"column":58}}]},"11":{"loc":{"start":{"line":81,"column":13},"end":{"line":81,"column":41}},"type":"binary-expr","locations":[{"start":{"line":81,"column":13},"end":{"line":81,"column":41}},{"start":{"line":81,"column":37},"end":{"line":81,"column":41}}]},"12":{"loc":{"start":{"line":88,"column":6},"end":{"line":91,"column":24}},"type":"if","locations":[{"start":{"line":88,"column":6},"end":{"line":91,"column":24}}]},"13":{"loc":{"start":{"line":89,"column":15},"end":{"line":91,"column":23}},"type":"cond-expr","locations":[{"start":{"line":90,"column":12},"end":{"line":90,"column":47}},{"start":{"line":91,"column":12},"end":{"line":91,"column":23}}]},"14":{"loc":{"start":{"line":92,"column":13},"end":{"line":92,"column":69}},"type":"cond-expr","locations":[{"start":{"line":92,"column":29},"end":{"line":92,"column":55}},{"start":{"line":92,"column":58},"end":{"line":92,"column":69}}]},"15":{"loc":{"start":{"line":99,"column":6},"end":{"line":99,"column":27}},"type":"if","locations":[{"start":{"line":99,"column":6},"end":{"line":99,"column":27}}]},"16":{"loc":{"start":{"line":100,"column":6},"end":{"line":100,"column":44}},"type":"if","locations":[{"start":{"line":100,"column":6},"end":{"line":100,"column":44}}]},"17":{"loc":{"start":{"line":101,"column":6},"end":{"line":101,"column":19}},"type":"cond-expr","locations":[{"start":{"line":101,"column":14},"end":{"line":101,"column":17}},{"start":{"line":101,"column":6},"end":{"line":101,"column":19}}]},"18":{"loc":{"start":{"line":101,"column":6},"end":{"line":101,"column":17}},"type":"binary-expr","locations":[{"start":{"line":101,"column":6},"end":{"line":101,"column":17}},{"start":{"line":101,"column":6},"end":{"line":101,"column":17}}]},"19":{"loc":{"start":{"line":108,"column":4},"end":{"line":112,"column":17}},"type":"cond-expr","locations":[{"start":{"line":109,"column":8},"end":{"line":111,"column":13}},{"start":{"line":112,"column":8},"end":{"line":112,"column":17}}]},"20":{"loc":{"start":{"line":109,"column":8},"end":{"line":111,"column":13}},"type":"cond-expr","locations":[{"start":{"line":110,"column":10},"end":{"line":110,"column":20}},{"start":{"line":111,"column":10},"end":{"line":111,"column":13}}]},"21":{"loc":{"start":{"line":117,"column":8},"end":{"line":117,"column":null}},"type":"cond-expr","locations":[{"start":{"line":117,"column":8},"end":{"line":117,"column":17}},{"start":{"line":117,"column":21},"end":{"line":117,"column":null}}]},"22":{"loc":{"start":{"line":117,"column":8},"end":{"line":117,"column":21}},"type":"binary-expr","locations":[{"start":{"line":117,"column":8},"end":{"line":117,"column":21}},{"start":{"line":117,"column":8},"end":{"line":117,"column":21}}]},"23":{"loc":{"start":{"line":121,"column":13},"end":{"line":121,"column":37}},"type":"cond-expr","locations":[{"start":{"line":121,"column":13},"end":{"line":121,"column":24}},{"start":{"line":121,"column":28},"end":{"line":121,"column":37}}]},"24":{"loc":{"start":{"line":121,"column":13},"end":{"line":121,"column":28}},"type":"binary-expr","locations":[{"start":{"line":121,"column":13},"end":{"line":121,"column":28}},{"start":{"line":121,"column":13},"end":{"line":121,"column":28}}]},"25":{"loc":{"start":{"line":126,"column":16},"end":{"line":126,"column":33}},"type":"cond-expr","locations":[{"start":{"line":126,"column":27},"end":{"line":126,"column":29}},{"start":{"line":126,"column":32},"end":{"line":126,"column":33}}]}},"s":{"0":1,"1":1,"2":1,"3":10,"4":1,"5":38,"6":1,"7":10,"8":10,"9":10,"10":10,"11":10,"12":4,"13":1,"14":3,"15":13,"16":10,"17":0,"18":0,"19":0,"20":0,"21":10,"22":48,"23":25,"24":23,"25":10,"26":1,"27":0,"28":1,"29":1,"30":1,"31":10,"32":10,"33":1,"34":48,"35":48,"36":48,"37":2,"38":2,"39":1,"40":1,"41":0,"42":1,"43":1},"f":{"0":10,"1":38,"2":10,"3":4,"4":13,"5":0,"6":48,"7":1,"8":1,"9":48,"10":2,"11":2,"12":1,"13":1,"14":0},"b":{"0":[31,7],"1":[0],"2":[10],"3":[10],"4":[10],"5":[0,10],"6":[1],"7":[4,1],"8":[13,0],"9":[0],"10":[0,0],"11":[0,0],"12":[25],"13":[12,13],"14":[0,23],"15":[0],"16":[1],"17":[0,1],"18":[1,1],"19":[0,10],"20":[0,0],"21":[0,10],"22":[10,10],"23":[0,10],"24":[10,10],"25":[0,10]}}
}
