{"C:\\Users\\anand\\OneDrive\\Desktop\\Projects\\star-rating\\src\\components\\StarRating.tsx": {"path":"C:\\Users\\anand\\OneDrive\\Desktop\\Projects\\star-rating\\src\\components\\StarRating.tsx","statementMap":{"0":{"start":{"line":2,"column":0},"end":{"line":2,"column":68}},"1":{"start":{"line":33,"column":21},"end":{"line":40,"column":1}},"2":{"start":{"line":34,"column":2},"end":{"line":34,"column":58}},"3":{"start":{"line":34,"column":41},"end":{"line":34,"column":58}},"4":{"start":{"line":35,"column":2},"end":{"line":35,"column":49}},"5":{"start":{"line":35,"column":31},"end":{"line":35,"column":49}},"6":{"start":{"line":36,"column":12},"end":{"line":36,"column":30}},"7":{"start":{"line":37,"column":2},"end":{"line":37,"column":39}},"8":{"start":{"line":37,"column":23},"end":{"line":37,"column":39}},"9":{"start":{"line":39,"column":2},"end":{"line":39,"column":11}},"10":{"start":{"line":43,"column":24},"end":{"line":48,"column":1}},"11":{"start":{"line":44,"column":2},"end":{"line":44,"column":87}},"12":{"start":{"line":44,"column":48},"end":{"line":44,"column":87}},"13":{"start":{"line":45,"column":14},"end":{"line":45,"column":30}},"14":{"start":{"line":46,"column":2},"end":{"line":46,"column":75}},"15":{"start":{"line":46,"column":29},"end":{"line":46,"column":75}},"16":{"start":{"line":47,"column":2},"end":{"line":47,"column":29}},"17":{"start":{"line":50,"column":53},"end":{"line":224,"column":1}},"18":{"start":{"line":61,"column":6},"end":{"line":61,"column":11}},"19":{"start":{"line":63,"column":2},"end":{"line":65,"column":3}},"20":{"start":{"line":64,"column":4},"end":{"line":64,"column":91}},"21":{"start":{"line":67,"column":26},"end":{"line":67,"column":88}},"22":{"start":{"line":67,"column":40},"end":{"line":67,"column":70}},"23":{"start":{"line":69,"column":23},"end":{"line":69,"column":48}},"24":{"start":{"line":70,"column":44},"end":{"line":70,"column":79}},"25":{"start":{"line":71,"column":19},"end":{"line":71,"column":62}},"26":{"start":{"line":73,"column":38},"end":{"line":73,"column":57}},"27":{"start":{"line":74,"column":18},"end":{"line":74,"column":53}},"28":{"start":{"line":81,"column":25},"end":{"line":81,"column":42}},"29":{"start":{"line":82,"column":21},"end":{"line":82,"column":31}},"30":{"start":{"line":83,"column":22},"end":{"line":83,"column":30}},"31":{"start":{"line":85,"column":24},"end":{"line":112,"column":3}},"32":{"start":{"line":86,"column":15},"end":{"line":86,"column":30}},"33":{"start":{"line":87,"column":4},"end":{"line":87,"column":20}},"34":{"start":{"line":87,"column":13},"end":{"line":87,"column":20}},"35":{"start":{"line":90,"column":4},"end":{"line":93,"column":5}},"36":{"start":{"line":91,"column":6},"end":{"line":91,"column":36}},"37":{"start":{"line":92,"column":6},"end":{"line":92,"column":13}},"38":{"start":{"line":96,"column":19},"end":{"line":96,"column":76}},"39":{"start":{"line":97,"column":4},"end":{"line":100,"column":5}},"40":{"start":{"line":98,"column":6},"end":{"line":98,"column":28}},"41":{"start":{"line":99,"column":6},"end":{"line":99,"column":13}},"42":{"start":{"line":103,"column":24},"end":{"line":103,"column":74}},"43":{"start":{"line":104,"column":4},"end":{"line":108,"column":5}},"44":{"start":{"line":106,"column":6},"end":{"line":106,"column":37}},"45":{"start":{"line":107,"column":6},"end":{"line":107,"column":13}},"46":{"start":{"line":111,"column":4},"end":{"line":111,"column":31}},"47":{"start":{"line":115,"column":2},"end":{"line":121,"column":39}},"48":{"start":{"line":116,"column":4},"end":{"line":116,"column":20}},"49":{"start":{"line":118,"column":14},"end":{"line":118,"column":51}},"50":{"start":{"line":118,"column":31},"end":{"line":118,"column":46}},"51":{"start":{"line":119,"column":4},"end":{"line":119,"column":33}},"52":{"start":{"line":119,"column":17},"end":{"line":119,"column":32}},"53":{"start":{"line":124,"column":2},"end":{"line":128,"column":9}},"54":{"start":{"line":125,"column":21},"end":{"line":125,"column":42}},"55":{"start":{"line":125,"column":27},"end":{"line":125,"column":42}},"56":{"start":{"line":126,"column":4},"end":{"line":126,"column":48}},"57":{"start":{"line":127,"column":4},"end":{"line":127,"column":64}},"58":{"start":{"line":127,"column":17},"end":{"line":127,"column":63}},"59":{"start":{"line":130,"column":2},"end":{"line":136,"column":35}},"60":{"start":{"line":131,"column":4},"end":{"line":135,"column":5}},"61":{"start":{"line":132,"column":6},"end":{"line":134,"column":7}},"62":{"start":{"line":133,"column":8},"end":{"line":133,"column":87}},"63":{"start":{"line":138,"column":22},"end":{"line":142,"column":3}},"64":{"start":{"line":139,"column":4},"end":{"line":139,"column":25}},"65":{"start":{"line":139,"column":18},"end":{"line":139,"column":25}},"66":{"start":{"line":140,"column":4},"end":{"line":140,"column":43}},"67":{"start":{"line":140,"column":23},"end":{"line":140,"column":43}},"68":{"start":{"line":141,"column":4},"end":{"line":141,"column":18}},"69":{"start":{"line":144,"column":24},"end":{"line":162,"column":3}},"70":{"start":{"line":145,"column":4},"end":{"line":145,"column":25}},"71":{"start":{"line":145,"column":18},"end":{"line":145,"column":25}},"72":{"start":{"line":146,"column":16},"end":{"line":146,"column":21}},"73":{"start":{"line":147,"column":4},"end":{"line":161,"column":5}},"74":{"start":{"line":148,"column":6},"end":{"line":148,"column":25}},"75":{"start":{"line":149,"column":6},"end":{"line":149,"column":61}},"76":{"start":{"line":150,"column":11},"end":{"line":161,"column":5}},"77":{"start":{"line":151,"column":6},"end":{"line":151,"column":25}},"78":{"start":{"line":152,"column":6},"end":{"line":152,"column":52}},"79":{"start":{"line":153,"column":11},"end":{"line":161,"column":5}},"80":{"start":{"line":154,"column":6},"end":{"line":154,"column":25}},"81":{"start":{"line":155,"column":6},"end":{"line":155,"column":21}},"82":{"start":{"line":156,"column":11},"end":{"line":161,"column":5}},"83":{"start":{"line":157,"column":6},"end":{"line":157,"column":25}},"84":{"start":{"line":158,"column":6},"end":{"line":158,"column":25}},"85":{"start":{"line":159,"column":11},"end":{"line":161,"column":5}},"86":{"start":{"line":160,"column":6},"end":{"line":160,"column":25}},"87":{"start":{"line":164,"column":28},"end":{"line":172,"column":3}},"88":{"start":{"line":165,"column":4},"end":{"line":167,"column":5}},"89":{"start":{"line":166,"column":6},"end":{"line":166,"column":79}},"90":{"start":{"line":168,"column":4},"end":{"line":170,"column":5}},"91":{"start":{"line":169,"column":6},"end":{"line":169,"column":75}},"92":{"start":{"line":171,"column":4},"end":{"line":171,"column":25}},"93":{"start":{"line":174,"column":2},"end":{"line":223,"column":4}},"94":{"start":{"line":186,"column":18},"end":{"line":186,"column":25}},"95":{"start":{"line":187,"column":22},"end":{"line":187,"column":42}},"96":{"start":{"line":188,"column":26},"end":{"line":188,"column":40}},"97":{"start":{"line":189,"column":8},"end":{"line":220,"column":10}},"98":{"start":{"line":197,"column":32},"end":{"line":197,"column":48}},"99":{"start":{"line":198,"column":31},"end":{"line":198,"column":47}},"100":{"start":{"line":199,"column":32},"end":{"line":199,"column":48}},"101":{"start":{"line":200,"column":27},"end":{"line":200,"column":43}},"102":{"start":{"line":201,"column":26},"end":{"line":201,"column":42}},"103":{"start":{"line":202,"column":27},"end":{"line":202,"column":41}},"104":{"start":{"line":50,"column":13},"end":{"line":50,"column":53}},"105":{"start":{"line":226,"column":0},"end":{"line":226,"column":26}}},"fnMap":{"0":{"name":"(anonymous_0)","decl":{"start":{"line":33,"column":21},"end":{"line":33,"column":22}},"loc":{"start":{"line":33,"column":74},"end":{"line":40,"column":1}}},"1":{"name":"(anonymous_1)","decl":{"start":{"line":43,"column":24},"end":{"line":43,"column":25}},"loc":{"start":{"line":43,"column":103},"end":{"line":48,"column":1}}},"2":{"name":"(anonymous_2)","decl":{"start":{"line":50,"column":53},"end":{"line":50,"column":54}},"loc":{"start":{"line":50,"column":63},"end":{"line":224,"column":1}}},"3":{"name":"(anonymous_3)","decl":{"start":{"line":67,"column":34},"end":{"line":67,"column":37}},"loc":{"start":{"line":67,"column":40},"end":{"line":67,"column":70}}},"4":{"name":"(anonymous_4)","decl":{"start":{"line":85,"column":24},"end":{"line":85,"column":27}},"loc":{"start":{"line":85,"column":29},"end":{"line":112,"column":3}}},"5":{"name":"(anonymous_5)","decl":{"start":{"line":115,"column":12},"end":{"line":115,"column":15}},"loc":{"start":{"line":115,"column":17},"end":{"line":121,"column":3}}},"6":{"name":"(anonymous_6)","decl":{"start":{"line":118,"column":25},"end":{"line":118,"column":28}},"loc":{"start":{"line":118,"column":31},"end":{"line":118,"column":46}}},"7":{"name":"(anonymous_7)","decl":{"start":{"line":119,"column":11},"end":{"line":119,"column":14}},"loc":{"start":{"line":119,"column":17},"end":{"line":119,"column":32}}},"8":{"name":"(anonymous_8)","decl":{"start":{"line":124,"column":12},"end":{"line":124,"column":15}},"loc":{"start":{"line":124,"column":17},"end":{"line":128,"column":3}}},"9":{"name":"(anonymous_9)","decl":{"start":{"line":125,"column":21},"end":{"line":125,"column":24}},"loc":{"start":{"line":125,"column":27},"end":{"line":125,"column":42}}},"10":{"name":"(anonymous_10)","decl":{"start":{"line":127,"column":11},"end":{"line":127,"column":14}},"loc":{"start":{"line":127,"column":17},"end":{"line":127,"column":63}}},"11":{"name":"(anonymous_11)","decl":{"start":{"line":130,"column":12},"end":{"line":130,"column":15}},"loc":{"start":{"line":130,"column":17},"end":{"line":136,"column":3}}},"12":{"name":"(anonymous_12)","decl":{"start":{"line":138,"column":22},"end":{"line":138,"column":23}},"loc":{"start":{"line":138,"column":36},"end":{"line":142,"column":3}}},"13":{"name":"(anonymous_13)","decl":{"start":{"line":144,"column":24},"end":{"line":144,"column":25}},"loc":{"start":{"line":144,"column":51},"end":{"line":162,"column":3}}},"14":{"name":"(anonymous_14)","decl":{"start":{"line":164,"column":28},"end":{"line":164,"column":29}},"loc":{"start":{"line":164,"column":42},"end":{"line":172,"column":3}}},"15":{"name":"(anonymous_15)","decl":{"start":{"line":185,"column":37},"end":{"line":185,"column":38}},"loc":{"start":{"line":185,"column":48},"end":{"line":221,"column":7}}},"16":{"name":"(anonymous_16)","decl":{"start":{"line":197,"column":26},"end":{"line":197,"column":29}},"loc":{"start":{"line":197,"column":32},"end":{"line":197,"column":48}}},"17":{"name":"(anonymous_17)","decl":{"start":{"line":198,"column":25},"end":{"line":198,"column":28}},"loc":{"start":{"line":198,"column":31},"end":{"line":198,"column":47}}},"18":{"name":"(anonymous_18)","decl":{"start":{"line":199,"column":26},"end":{"line":199,"column":29}},"loc":{"start":{"line":199,"column":32},"end":{"line":199,"column":48}}},"19":{"name":"(anonymous_19)","decl":{"start":{"line":200,"column":21},"end":{"line":200,"column":24}},"loc":{"start":{"line":200,"column":27},"end":{"line":200,"column":43}}},"20":{"name":"(anonymous_20)","decl":{"start":{"line":201,"column":20},"end":{"line":201,"column":23}},"loc":{"start":{"line":201,"column":26},"end":{"line":201,"column":42}}},"21":{"name":"(anonymous_21)","decl":{"start":{"line":202,"column":21},"end":{"line":202,"column":24}},"loc":{"start":{"line":202,"column":27},"end":{"line":202,"column":41}}}},"branchMap":{"0":{"loc":{"start":{"line":34,"column":2},"end":{"line":34,"column":58}},"type":"if","locations":[{"start":{"line":34,"column":2},"end":{"line":34,"column":58}}]},"1":{"loc":{"start":{"line":34,"column":6},"end":{"line":34,"column":39}},"type":"binary-expr","locations":[{"start":{"line":34,"column":6},"end":{"line":34,"column":23}},{"start":{"line":34,"column":27},"end":{"line":34,"column":39}}]},"2":{"loc":{"start":{"line":35,"column":2},"end":{"line":35,"column":49}},"type":"if","locations":[{"start":{"line":35,"column":2},"end":{"line":35,"column":49}}]},"3":{"loc":{"start":{"line":37,"column":2},"end":{"line":37,"column":39}},"type":"if","locations":[{"start":{"line":37,"column":2},"end":{"line":37,"column":39}}]},"4":{"loc":{"start":{"line":43,"column":75},"end":{"line":43,"column":99}},"type":"default-arg","locations":[{"start":{"line":43,"column":90},"end":{"line":43,"column":99}}]},"5":{"loc":{"start":{"line":44,"column":2},"end":{"line":44,"column":87}},"type":"if","locations":[{"start":{"line":44,"column":2},"end":{"line":44,"column":87}}]},"6":{"loc":{"start":{"line":44,"column":6},"end":{"line":44,"column":46}},"type":"binary-expr","locations":[{"start":{"line":44,"column":6},"end":{"line":44,"column":18}},{"start":{"line":44,"column":22},"end":{"line":44,"column":46}}]},"7":{"loc":{"start":{"line":46,"column":38},"end":{"line":46,"column":73}},"type":"binary-expr","locations":[{"start":{"line":46,"column":38},"end":{"line":46,"column":57}},{"start":{"line":46,"column":61},"end":{"line":46,"column":73}}]},"8":{"loc":{"start":{"line":54,"column":4},"end":{"line":54,"column":20}},"type":"default-arg","locations":[{"start":{"line":54,"column":19},"end":{"line":54,"column":20}}]},"9":{"loc":{"start":{"line":55,"column":4},"end":{"line":55,"column":13}},"type":"default-arg","locations":[{"start":{"line":55,"column":11},"end":{"line":55,"column":13}}]},"10":{"loc":{"start":{"line":57,"column":4},"end":{"line":57,"column":20}},"type":"default-arg","locations":[{"start":{"line":57,"column":15},"end":{"line":57,"column":20}}]},"11":{"loc":{"start":{"line":63,"column":2},"end":{"line":65,"column":3}},"type":"if","locations":[{"start":{"line":63,"column":2},"end":{"line":65,"column":3}}]},"12":{"loc":{"start":{"line":63,"column":6},"end":{"line":63,"column":43}},"type":"binary-expr","locations":[{"start":{"line":63,"column":6},"end":{"line":63,"column":29}},{"start":{"line":63,"column":33},"end":{"line":63,"column":43}}]},"13":{"loc":{"start":{"line":70,"column":61},"end":{"line":70,"column":78}},"type":"binary-expr","locations":[{"start":{"line":70,"column":61},"end":{"line":70,"column":73}},{"start":{"line":70,"column":77},"end":{"line":70,"column":78}}]},"14":{"loc":{"start":{"line":71,"column":19},"end":{"line":71,"column":62}},"type":"cond-expr","locations":[{"start":{"line":71,"column":35},"end":{"line":71,"column":45}},{"start":{"line":71,"column":49},"end":{"line":71,"column":62}}]},"15":{"loc":{"start":{"line":71,"column":35},"end":{"line":71,"column":45}},"type":"binary-expr","locations":[{"start":{"line":71,"column":35},"end":{"line":71,"column":40}},{"start":{"line":71,"column":44},"end":{"line":71,"column":45}}]},"16":{"loc":{"start":{"line":87,"column":4},"end":{"line":87,"column":20}},"type":"if","locations":[{"start":{"line":87,"column":4},"end":{"line":87,"column":20}}]},"17":{"loc":{"start":{"line":90,"column":4},"end":{"line":93,"column":5}},"type":"if","locations":[{"start":{"line":90,"column":4},"end":{"line":93,"column":5}}]},"18":{"loc":{"start":{"line":97,"column":4},"end":{"line":100,"column":5}},"type":"if","locations":[{"start":{"line":97,"column":4},"end":{"line":100,"column":5}}]},"19":{"loc":{"start":{"line":103,"column":24},"end":{"line":103,"column":74}},"type":"binary-expr","locations":[{"start":{"line":103,"column":24},"end":{"line":103,"column":68}},{"start":{"line":103,"column":72},"end":{"line":103,"column":74}}]},"20":{"loc":{"start":{"line":104,"column":4},"end":{"line":108,"column":5}},"type":"if","locations":[{"start":{"line":104,"column":4},"end":{"line":108,"column":5}}]},"21":{"loc":{"start":{"line":104,"column":8},"end":{"line":104,"column":72}},"type":"binary-expr","locations":[{"start":{"line":104,"column":8},"end":{"line":104,"column":19}},{"start":{"line":104,"column":23},"end":{"line":104,"column":44}},{"start":{"line":104,"column":48},"end":{"line":104,"column":72}}]},"22":{"loc":{"start":{"line":131,"column":4},"end":{"line":135,"column":5}},"type":"if","locations":[{"start":{"line":131,"column":4},"end":{"line":135,"column":5}}]},"23":{"loc":{"start":{"line":131,"column":8},"end":{"line":131,"column":49}},"type":"binary-expr","locations":[{"start":{"line":131,"column":8},"end":{"line":131,"column":20}},{"start":{"line":131,"column":24},"end":{"line":131,"column":49}}]},"24":{"loc":{"start":{"line":132,"column":6},"end":{"line":134,"column":7}},"type":"if","locations":[{"start":{"line":132,"column":6},"end":{"line":134,"column":7}}]},"25":{"loc":{"start":{"line":132,"column":10},"end":{"line":132,"column":36}},"type":"binary-expr","locations":[{"start":{"line":132,"column":10},"end":{"line":132,"column":19}},{"start":{"line":132,"column":23},"end":{"line":132,"column":36}}]},"26":{"loc":{"start":{"line":139,"column":4},"end":{"line":139,"column":25}},"type":"if","locations":[{"start":{"line":139,"column":4},"end":{"line":139,"column":25}}]},"27":{"loc":{"start":{"line":140,"column":4},"end":{"line":140,"column":43}},"type":"if","locations":[{"start":{"line":140,"column":4},"end":{"line":140,"column":43}}]},"28":{"loc":{"start":{"line":145,"column":4},"end":{"line":145,"column":25}},"type":"if","locations":[{"start":{"line":145,"column":4},"end":{"line":145,"column":25}}]},"29":{"loc":{"start":{"line":147,"column":4},"end":{"line":161,"column":5}},"type":"if","locations":[{"start":{"line":147,"column":4},"end":{"line":161,"column":5}},{"start":{"line":150,"column":11},"end":{"line":161,"column":5}}]},"30":{"loc":{"start":{"line":147,"column":8},"end":{"line":147,"column":49}},"type":"binary-expr","locations":[{"start":{"line":147,"column":8},"end":{"line":147,"column":28}},{"start":{"line":147,"column":32},"end":{"line":147,"column":49}}]},"31":{"loc":{"start":{"line":149,"column":34},"end":{"line":149,"column":58}},"type":"binary-expr","locations":[{"start":{"line":149,"column":34},"end":{"line":149,"column":53}},{"start":{"line":149,"column":57},"end":{"line":149,"column":58}}]},"32":{"loc":{"start":{"line":149,"column":35},"end":{"line":149,"column":48}},"type":"binary-expr","locations":[{"start":{"line":149,"column":35},"end":{"line":149,"column":43}},{"start":{"line":149,"column":47},"end":{"line":149,"column":48}}]},"33":{"loc":{"start":{"line":150,"column":11},"end":{"line":161,"column":5}},"type":"if","locations":[{"start":{"line":150,"column":11},"end":{"line":161,"column":5}},{"start":{"line":153,"column":11},"end":{"line":161,"column":5}}]},"34":{"loc":{"start":{"line":150,"column":15},"end":{"line":150,"column":57}},"type":"binary-expr","locations":[{"start":{"line":150,"column":15},"end":{"line":150,"column":34}},{"start":{"line":150,"column":38},"end":{"line":150,"column":57}}]},"35":{"loc":{"start":{"line":152,"column":31},"end":{"line":152,"column":44}},"type":"binary-expr","locations":[{"start":{"line":152,"column":31},"end":{"line":152,"column":39}},{"start":{"line":152,"column":43},"end":{"line":152,"column":44}}]},"36":{"loc":{"start":{"line":153,"column":11},"end":{"line":161,"column":5}},"type":"if","locations":[{"start":{"line":153,"column":11},"end":{"line":161,"column":5}},{"start":{"line":156,"column":11},"end":{"line":161,"column":5}}]},"37":{"loc":{"start":{"line":156,"column":11},"end":{"line":161,"column":5}},"type":"if","locations":[{"start":{"line":156,"column":11},"end":{"line":161,"column":5}},{"start":{"line":159,"column":11},"end":{"line":161,"column":5}}]},"38":{"loc":{"start":{"line":159,"column":11},"end":{"line":161,"column":5}},"type":"if","locations":[{"start":{"line":159,"column":11},"end":{"line":161,"column":5}}]},"39":{"loc":{"start":{"line":159,"column":15},"end":{"line":159,"column":45}},"type":"binary-expr","locations":[{"start":{"line":159,"column":15},"end":{"line":159,"column":30}},{"start":{"line":159,"column":34},"end":{"line":159,"column":45}}]},"40":{"loc":{"start":{"line":165,"column":4},"end":{"line":167,"column":5}},"type":"if","locations":[{"start":{"line":165,"column":4},"end":{"line":167,"column":5}}]},"41":{"loc":{"start":{"line":166,"column":13},"end":{"line":166,"column":78}},"type":"cond-expr","locations":[{"start":{"line":166,"column":31},"end":{"line":166,"column":62}},{"start":{"line":166,"column":65},"end":{"line":166,"column":78}}]},"42":{"loc":{"start":{"line":168,"column":4},"end":{"line":170,"column":5}},"type":"if","locations":[{"start":{"line":168,"column":4},"end":{"line":170,"column":5}}]},"43":{"loc":{"start":{"line":169,"column":13},"end":{"line":169,"column":74}},"type":"cond-expr","locations":[{"start":{"line":169,"column":29},"end":{"line":169,"column":58}},{"start":{"line":169,"column":61},"end":{"line":169,"column":74}}]},"44":{"loc":{"start":{"line":181,"column":62},"end":{"line":181,"column":77}},"type":"binary-expr","locations":[{"start":{"line":181,"column":62},"end":{"line":181,"column":71}},{"start":{"line":181,"column":75},"end":{"line":181,"column":77}}]},"45":{"loc":{"start":{"line":213,"column":22},"end":{"line":213,"column":54}},"type":"cond-expr","locations":[{"start":{"line":213,"column":33},"end":{"line":213,"column":42}},{"start":{"line":213,"column":45},"end":{"line":213,"column":54}}]}},"s":{"0":1,"1":1,"2":11,"3":10,"4":1,"5":1,"6":0,"7":0,"8":0,"9":0,"10":1,"11":5,"12":4,"13":1,"14":1,"15":0,"16":1,"17":1,"18":11,"19":11,"20":0,"21":11,"22":5,"23":11,"24":11,"25":11,"26":11,"27":11,"28":11,"29":11,"30":11,"31":11,"32":7,"33":7,"34":0,"35":7,"36":1,"37":1,"38":6,"39":6,"40":0,"41":0,"42":6,"43":6,"44":2,"45":2,"46":4,"47":11,"48":5,"49":5,"50":2,"51":5,"52":5,"53":11,"54":5,"55":0,"56":5,"57":5,"58":5,"59":11,"60":5,"61":0,"62":0,"63":11,"64":1,"65":0,"66":1,"67":1,"68":1,"69":11,"70":0,"71":0,"72":0,"73":0,"74":0,"75":0,"76":0,"77":0,"78":0,"79":0,"80":0,"81":0,"82":0,"83":0,"84":0,"85":0,"86":0,"87":11,"88":51,"89":25,"90":26,"91":0,"92":26,"93":11,"94":51,"95":51,"96":51,"97":51,"98":2,"99":2,"100":1,"101":1,"102":0,"103":1,"104":1,"105":1},"f":{"0":11,"1":5,"2":11,"3":5,"4":7,"5":5,"6":2,"7":5,"8":5,"9":0,"10":5,"11":5,"12":1,"13":0,"14":51,"15":51,"16":2,"17":2,"18":1,"19":1,"20":0,"21":1},"b":{"0":[10],"1":[11,1],"2":[1],"3":[0],"4":[5],"5":[4],"6":[5,1],"7":[0,0],"8":[11],"9":[11],"10":[11],"11":[0],"12":[11,11],"13":[11,0],"14":[0,11],"15":[0,0],"16":[0],"17":[1],"18":[0],"19":[6,4],"20":[2],"21":[6,2,2],"22":[0],"23":[5,0],"24":[0],"25":[0,0],"26":[0],"27":[1],"28":[0],"29":[0,0],"30":[0,0],"31":[0,0],"32":[0,0],"33":[0,0],"34":[0,0],"35":[0,0],"36":[0,0],"37":[0,0],"38":[0],"39":[0,0],"40":[25],"41":[12,13],"42":[0],"43":[0,0],"44":[11,11],"45":[0,51]}}
}
