TN:
SF:src\components\StarRating.tsx
FN:33,(anonymous_0)
FN:43,(anonymous_1)
FN:50,(anonymous_2)
FN:67,(anonymous_3)
FN:85,(anonymous_4)
FN:115,(anonymous_5)
FN:118,(anonymous_6)
FN:119,(anonymous_7)
FN:124,(anonymous_8)
FN:125,(anonymous_9)
FN:127,(anonymous_10)
FN:130,(anonymous_11)
FN:138,(anonymous_12)
FN:144,(anonymous_13)
FN:164,(anonymous_14)
FN:185,(anonymous_15)
FN:197,(anonymous_16)
FN:198,(anonymous_17)
FN:199,(anonymous_18)
FN:200,(anonymous_19)
FN:201,(anonymous_20)
FN:202,(anonymous_21)
FNF:22
FNH:19
FNDA:11,(anonymous_0)
FNDA:5,(anonymous_1)
FNDA:11,(anonymous_2)
FNDA:5,(anonymous_3)
FNDA:7,(anonymous_4)
FNDA:5,(anonymous_5)
FNDA:2,(anonymous_6)
FNDA:5,(anonymous_7)
FNDA:5,(anonymous_8)
FNDA:0,(anonymous_9)
FNDA:5,(anonymous_10)
FNDA:5,(anonymous_11)
FNDA:1,(anonymous_12)
FNDA:0,(anonymous_13)
FNDA:51,(anonymous_14)
FNDA:51,(anonymous_15)
FNDA:2,(anonymous_16)
FNDA:2,(anonymous_17)
FNDA:1,(anonymous_18)
FNDA:1,(anonymous_19)
FNDA:0,(anonymous_20)
FNDA:1,(anonymous_21)
DA:2,1
DA:33,1
DA:34,11
DA:35,1
DA:36,0
DA:37,0
DA:39,0
DA:43,1
DA:44,5
DA:45,1
DA:46,1
DA:47,1
DA:50,1
DA:61,11
DA:63,11
DA:64,0
DA:67,11
DA:69,11
DA:70,11
DA:71,11
DA:73,11
DA:74,11
DA:81,11
DA:82,11
DA:83,11
DA:85,11
DA:86,7
DA:87,7
DA:90,7
DA:91,1
DA:92,1
DA:96,6
DA:97,6
DA:98,0
DA:99,0
DA:103,6
DA:104,6
DA:106,2
DA:107,2
DA:111,4
DA:115,11
DA:116,5
DA:118,5
DA:119,5
DA:124,11
DA:125,5
DA:126,5
DA:127,5
DA:130,11
DA:131,5
DA:132,0
DA:133,0
DA:138,11
DA:139,1
DA:140,1
DA:141,1
DA:144,11
DA:145,0
DA:146,0
DA:147,0
DA:148,0
DA:149,0
DA:150,0
DA:151,0
DA:152,0
DA:153,0
DA:154,0
DA:155,0
DA:156,0
DA:157,0
DA:158,0
DA:159,0
DA:160,0
DA:164,11
DA:165,51
DA:166,25
DA:168,26
DA:169,0
DA:171,26
DA:174,11
DA:186,51
DA:187,51
DA:188,51
DA:189,51
DA:197,2
DA:198,2
DA:199,1
DA:200,1
DA:201,0
DA:202,1
DA:226,1
LF:91
LH:65
BRDA:34,0,0,10
BRDA:34,1,0,11
BRDA:34,1,1,1
BRDA:35,2,0,1
BRDA:37,3,0,0
BRDA:43,4,0,5
BRDA:44,5,0,4
BRDA:44,6,0,5
BRDA:44,6,1,1
BRDA:46,7,0,0
BRDA:46,7,1,0
BRDA:54,8,0,11
BRDA:55,9,0,11
BRDA:57,10,0,11
BRDA:63,11,0,0
BRDA:63,12,0,11
BRDA:63,12,1,11
BRDA:70,13,0,11
BRDA:70,13,1,0
BRDA:71,14,0,0
BRDA:71,14,1,11
BRDA:71,15,0,0
BRDA:71,15,1,0
BRDA:87,16,0,0
BRDA:90,17,0,1
BRDA:97,18,0,0
BRDA:103,19,0,6
BRDA:103,19,1,4
BRDA:104,20,0,2
BRDA:104,21,0,6
BRDA:104,21,1,2
BRDA:104,21,2,2
BRDA:131,22,0,0
BRDA:131,23,0,5
BRDA:131,23,1,0
BRDA:132,24,0,0
BRDA:132,25,0,0
BRDA:132,25,1,0
BRDA:139,26,0,0
BRDA:140,27,0,1
BRDA:145,28,0,0
BRDA:147,29,0,0
BRDA:147,29,1,0
BRDA:147,30,0,0
BRDA:147,30,1,0
BRDA:149,31,0,0
BRDA:149,31,1,0
BRDA:149,32,0,0
BRDA:149,32,1,0
BRDA:150,33,0,0
BRDA:150,33,1,0
BRDA:150,34,0,0
BRDA:150,34,1,0
BRDA:152,35,0,0
BRDA:152,35,1,0
BRDA:153,36,0,0
BRDA:153,36,1,0
BRDA:156,37,0,0
BRDA:156,37,1,0
BRDA:159,38,0,0
BRDA:159,39,0,0
BRDA:159,39,1,0
BRDA:165,40,0,25
BRDA:166,41,0,12
BRDA:166,41,1,13
BRDA:168,42,0,0
BRDA:169,43,0,0
BRDA:169,43,1,0
BRDA:181,44,0,11
BRDA:181,44,1,11
BRDA:213,45,0,0
BRDA:213,45,1,51
BRF:72
BRH:30
end_of_record
