TN:
SF:src\components\StarRating.tsx
FN:21,clamp
FN:25,(anonymous_1)
FN:42,(anonymous_2)
FN:65,(anonymous_3)
FN:70,(anonymous_4)
FN:78,(anonymous_5)
FN:87,(anonymous_6)
FN:98,(anonymous_7)
FN:124,(anonymous_8)
FN:128,(anonymous_9)
FN:137,(anonymous_10)
FN:138,(anonymous_11)
FN:139,(anonymous_12)
FN:140,(anonymous_13)
FN:141,(anonymous_14)
FNF:15
FNH:13
FNDA:10,clamp
FNDA:38,(anonymous_1)
FNDA:10,(anonymous_2)
FNDA:4,(anonymous_3)
FNDA:13,(anonymous_4)
FNDA:0,(anonymous_5)
FNDA:48,(anonymous_6)
FNDA:1,(anonymous_7)
FNDA:1,(anonymous_8)
FNDA:48,(anonymous_9)
FNDA:2,(anonymous_10)
FNDA:2,(anonymous_11)
FNDA:1,(anonymous_12)
FNDA:1,(anonymous_13)
FNDA:0,(anonymous_14)
DA:2,1
DA:18,1
DA:19,1
DA:22,10
DA:25,1
DA:26,38
DA:42,1
DA:54,10
DA:57,10
DA:58,10
DA:59,10
DA:65,10
DA:66,4
DA:67,1
DA:68,3
DA:71,13
DA:77,10
DA:79,0
DA:80,0
DA:81,0
DA:86,10
DA:88,48
DA:89,25
DA:92,23
DA:97,10
DA:99,1
DA:100,1
DA:101,1
DA:108,10
DA:114,10
DA:124,1
DA:129,48
DA:130,48
DA:131,48
DA:137,2
DA:138,2
DA:139,1
DA:140,1
DA:141,0
DA:159,1
LF:40
LH:36
BRDA:36,0,0,31
BRDA:36,0,1,7
BRDA:43,1,0,0
BRDA:45,2,0,10
BRDA:47,3,0,10
BRDA:48,4,0,10
BRDA:60,5,0,0
BRDA:60,5,1,10
BRDA:66,6,0,1
BRDA:66,7,0,4
BRDA:66,7,1,1
BRDA:71,8,0,13
BRDA:71,8,1,0
BRDA:79,9,0,0
BRDA:81,10,0,0
BRDA:81,10,1,0
BRDA:81,11,0,0
BRDA:81,11,1,0
BRDA:88,12,0,25
BRDA:89,13,0,12
BRDA:89,13,1,13
BRDA:92,14,0,0
BRDA:92,14,1,23
BRDA:99,15,0,0
BRDA:100,16,0,1
BRDA:101,17,0,0
BRDA:101,17,1,1
BRDA:101,18,0,1
BRDA:101,18,1,1
BRDA:108,19,0,0
BRDA:108,19,1,10
BRDA:109,20,0,0
BRDA:109,20,1,0
BRDA:117,21,0,0
BRDA:117,21,1,10
BRDA:117,22,0,10
BRDA:117,22,1,10
BRDA:121,23,0,0
BRDA:121,23,1,10
BRDA:121,24,0,10
BRDA:121,24,1,10
BRDA:126,25,0,0
BRDA:126,25,1,10
BRF:43
BRH:26
end_of_record
